\BOOKMARK [1][-]{section.0.1}{Introduction}{}% 1
\BOOKMARK [1][-]{section.0.2}{Utilization}{}% 2
\BOOKMARK [2][-]{subsection.0.2.1}{Login screen}{section.0.2}% 3
\BOOKMARK [2][-]{subsection.0.2.2}{Forgot Password Screen}{section.0.2}% 4
\BOOKMARK [2][-]{subsection.0.2.3}{Main screen}{section.0.2}% 5
\BOOKMARK [2][-]{subsection.0.2.4}{Customer registration screen}{section.0.2}% 6
\BOOKMARK [2][-]{subsection.0.2.5}{Screen clients list}{section.0.2}% 7
\BOOKMARK [2][-]{subsection.0.2.6}{Display modify customer}{section.0.2}% 8
\BOOKMARK [2][-]{subsection.0.2.7}{Screen move products}{section.0.2}% 9
\BOOKMARK [2][-]{subsection.0.2.8}{Product registration screen}{section.0.2}% 10
\BOOKMARK [2][-]{subsection.0.2.9}{Display product change}{section.0.2}% 11
\BOOKMARK [2][-]{subsection.0.2.10}{Display list products}{section.0.2}% 12
\BOOKMARK [2][-]{subsection.0.2.11}{Screen families list}{section.0.2}% 13
\BOOKMARK [2][-]{subsection.0.2.12}{Display new sale}{section.0.2}% 14
\BOOKMARK [2][-]{subsection.0.2.13}{Display sales list}{section.0.2}% 15
\BOOKMARK [2][-]{subsection.0.2.14}{Screen new return}{section.0.2}% 16
\BOOKMARK [2][-]{subsection.0.2.15}{Display list reservations}{section.0.2}% 17
\BOOKMARK [2][-]{subsection.0.2.16}{Display list operations}{section.0.2}% 18
\BOOKMARK [2][-]{subsection.0.2.17}{Display new order}{section.0.2}% 19
\BOOKMARK [2][-]{subsection.0.2.18}{Display Order list}{section.0.2}% 20
\BOOKMARK [2][-]{subsection.0.2.19}{Display dating}{section.0.2}% 21
\BOOKMARK [2][-]{subsection.0.2.20}{Display record arching}{section.0.2}% 22
\BOOKMARK [2][-]{subsection.0.2.21}{Display user statistics}{section.0.2}% 23
\BOOKMARK [2][-]{subsection.0.2.22}{Modify User Screen}{section.0.2}% 24
\BOOKMARK [2][-]{subsection.0.2.23}{Screen recording employee/doctor}{section.0.2}% 25
\BOOKMARK [2][-]{subsection.0.2.24}{Display list employees}{section.0.2}% 26
\BOOKMARK [2][-]{subsection.0.2.25}{Display connections list}{section.0.2}% 27
\BOOKMARK [2][-]{subsection.0.2.26}{List screen changes}{section.0.2}% 28
\BOOKMARK [2][-]{subsection.0.2.27}{Display arching calendar}{section.0.2}% 29
\BOOKMARK [2][-]{subsection.0.2.28}{Display manage holidays}{section.0.2}% 30
\BOOKMARK [2][-]{subsection.0.2.29}{Display manage permissions}{section.0.2}% 31
\BOOKMARK [2][-]{subsection.0.2.30}{Display statistics}{section.0.2}% 32
