This is pdfTeX, Version 3.1415926-2.4-1.40.13 (TeX Live 2012) (format=pdflatex 2012.6.30)  24 MAY 2013 17:31
entering extended mode
 restricted \write18 enabled.
 %&-line parsing enabled.
**manualesp.tex
(./manualesp.tex
LaTeX2e <2011/06/27>
Babel <v3.8m> and hyphenation patterns for english, dumylang, nohyphenation, ge
rman-x-2012-05-30, ngerman-x-2012-05-30, afrikaans, ancientgreek, ibycus, arabi
c, armenian, basque, bulgarian, catalan, pinyin, coptic, croatian, czech, danis
h, dutch, ukenglish, usenglishmax, esperanto, estonian, ethiopic, farsi, finnis
h, french, friulan, galician, german, ngerman, swissgerman, monogreek, greek, h
ungarian, icelandic, assamese, bengali, gujarati, hindi, kannada, malayalam, ma
rathi, oriya, panjabi, tamil, telugu, indonesian, interlingua, irish, italian, 
kurmanji, latin, latvian, lithuanian, mongolian, mongolianlmc, bokmal, nynorsk,
 polish, portuguese, romanian, romansh, russian, sanskrit, serbian, serbianc, s
lovak, slovenian, spanish, swedish, turkish, turkmen, ukrainian, uppersorbian, 
welsh, loaded.
(/usr/local/texlive/2012/texmf-dist/tex/latex/base/book.cls
Document Class: book 2007/10/19 v1.4h Standard LaTeX document class
(/usr/local/texlive/2012/texmf-dist/tex/latex/base/bk11.clo
File: bk11.clo 2007/10/19 v1.4h Standard LaTeX file (size option)
)
\c@part=\count79
\c@chapter=\count80
\c@section=\count81
\c@subsection=\count82
\c@subsubsection=\count83
\c@paragraph=\count84
\c@subparagraph=\count85
\c@figure=\count86
\c@table=\count87
\abovecaptionskip=\skip41
\belowcaptionskip=\skip42
\bibindent=\dimen102
)
(./estilo/paquetes.sty

LaTeX Warning: You have requested package `./estilo/paquetes',
               but the package provides `paquete'.

Package: paquete 
(/usr/local/texlive/2012/texmf-dist/tex/latex/base/inputenc.sty
Package: inputenc 2008/03/30 v1.1d Input encoding file
\inpenc@prehook=\toks14
\inpenc@posthook=\toks15

(/usr/local/texlive/2012/texmf-dist/tex/latex/base/utf8.def
File: utf8.def 2008/04/05 v1.1m UTF-8 support for inputenc
Now handling font encoding OML ...
... no UTF-8 mapping file for font encoding OML
Now handling font encoding T1 ...
... processing UTF-8 mapping file for font encoding T1

(/usr/local/texlive/2012/texmf-dist/tex/latex/base/t1enc.dfu
File: t1enc.dfu 2008/04/05 v1.1m UTF-8 support for inputenc
   defining Unicode char U+00A1 (decimal 161)
   defining Unicode char U+00A3 (decimal 163)
   defining Unicode char U+00AB (decimal 171)
   defining Unicode char U+00BB (decimal 187)
   defining Unicode char U+00BF (decimal 191)
   defining Unicode char U+00C0 (decimal 192)
   defining Unicode char U+00C1 (decimal 193)
   defining Unicode char U+00C2 (decimal 194)
   defining Unicode char U+00C3 (decimal 195)
   defining Unicode char U+00C4 (decimal 196)
   defining Unicode char U+00C5 (decimal 197)
   defining Unicode char U+00C6 (decimal 198)
   defining Unicode char U+00C7 (decimal 199)
   defining Unicode char U+00C8 (decimal 200)
   defining Unicode char U+00C9 (decimal 201)
   defining Unicode char U+00CA (decimal 202)
   defining Unicode char U+00CB (decimal 203)
   defining Unicode char U+00CC (decimal 204)
   defining Unicode char U+00CD (decimal 205)
   defining Unicode char U+00CE (decimal 206)
   defining Unicode char U+00CF (decimal 207)
   defining Unicode char U+00D0 (decimal 208)
   defining Unicode char U+00D1 (decimal 209)
   defining Unicode char U+00D2 (decimal 210)
   defining Unicode char U+00D3 (decimal 211)
   defining Unicode char U+00D4 (decimal 212)
   defining Unicode char U+00D5 (decimal 213)
   defining Unicode char U+00D6 (decimal 214)
   defining Unicode char U+00D8 (decimal 216)
   defining Unicode char U+00D9 (decimal 217)
   defining Unicode char U+00DA (decimal 218)
   defining Unicode char U+00DB (decimal 219)
   defining Unicode char U+00DC (decimal 220)
   defining Unicode char U+00DD (decimal 221)
   defining Unicode char U+00DE (decimal 222)
   defining Unicode char U+00DF (decimal 223)
   defining Unicode char U+00E0 (decimal 224)
   defining Unicode char U+00E1 (decimal 225)
   defining Unicode char U+00E2 (decimal 226)
   defining Unicode char U+00E3 (decimal 227)
   defining Unicode char U+00E4 (decimal 228)
   defining Unicode char U+00E5 (decimal 229)
   defining Unicode char U+00E6 (decimal 230)
   defining Unicode char U+00E7 (decimal 231)
   defining Unicode char U+00E8 (decimal 232)
   defining Unicode char U+00E9 (decimal 233)
   defining Unicode char U+00EA (decimal 234)
   defining Unicode char U+00EB (decimal 235)
   defining Unicode char U+00EC (decimal 236)
   defining Unicode char U+00ED (decimal 237)
   defining Unicode char U+00EE (decimal 238)
   defining Unicode char U+00EF (decimal 239)
   defining Unicode char U+00F0 (decimal 240)
   defining Unicode char U+00F1 (decimal 241)
   defining Unicode char U+00F2 (decimal 242)
   defining Unicode char U+00F3 (decimal 243)
   defining Unicode char U+00F4 (decimal 244)
   defining Unicode char U+00F5 (decimal 245)
   defining Unicode char U+00F6 (decimal 246)
   defining Unicode char U+00F8 (decimal 248)
   defining Unicode char U+00F9 (decimal 249)
   defining Unicode char U+00FA (decimal 250)
   defining Unicode char U+00FB (decimal 251)
   defining Unicode char U+00FC (decimal 252)
   defining Unicode char U+00FD (decimal 253)
   defining Unicode char U+00FE (decimal 254)
   defining Unicode char U+00FF (decimal 255)
   defining Unicode char U+0102 (decimal 258)
   defining Unicode char U+0103 (decimal 259)
   defining Unicode char U+0104 (decimal 260)
   defining Unicode char U+0105 (decimal 261)
   defining Unicode char U+0106 (decimal 262)
   defining Unicode char U+0107 (decimal 263)
   defining Unicode char U+010C (decimal 268)
   defining Unicode char U+010D (decimal 269)
   defining Unicode char U+010E (decimal 270)
   defining Unicode char U+010F (decimal 271)
   defining Unicode char U+0110 (decimal 272)
   defining Unicode char U+0111 (decimal 273)
   defining Unicode char U+0118 (decimal 280)
   defining Unicode char U+0119 (decimal 281)
   defining Unicode char U+011A (decimal 282)
   defining Unicode char U+011B (decimal 283)
   defining Unicode char U+011E (decimal 286)
   defining Unicode char U+011F (decimal 287)
   defining Unicode char U+0130 (decimal 304)
   defining Unicode char U+0131 (decimal 305)
   defining Unicode char U+0132 (decimal 306)
   defining Unicode char U+0133 (decimal 307)
   defining Unicode char U+0139 (decimal 313)
   defining Unicode char U+013A (decimal 314)
   defining Unicode char U+013D (decimal 317)
   defining Unicode char U+013E (decimal 318)
   defining Unicode char U+0141 (decimal 321)
   defining Unicode char U+0142 (decimal 322)
   defining Unicode char U+0143 (decimal 323)
   defining Unicode char U+0144 (decimal 324)
   defining Unicode char U+0147 (decimal 327)
   defining Unicode char U+0148 (decimal 328)
   defining Unicode char U+014A (decimal 330)
   defining Unicode char U+014B (decimal 331)
   defining Unicode char U+0150 (decimal 336)
   defining Unicode char U+0151 (decimal 337)
   defining Unicode char U+0152 (decimal 338)
   defining Unicode char U+0153 (decimal 339)
   defining Unicode char U+0154 (decimal 340)
   defining Unicode char U+0155 (decimal 341)
   defining Unicode char U+0158 (decimal 344)
   defining Unicode char U+0159 (decimal 345)
   defining Unicode char U+015A (decimal 346)
   defining Unicode char U+015B (decimal 347)
   defining Unicode char U+015E (decimal 350)
   defining Unicode char U+015F (decimal 351)
   defining Unicode char U+0160 (decimal 352)
   defining Unicode char U+0161 (decimal 353)
   defining Unicode char U+0162 (decimal 354)
   defining Unicode char U+0163 (decimal 355)
   defining Unicode char U+0164 (decimal 356)
   defining Unicode char U+0165 (decimal 357)
   defining Unicode char U+016E (decimal 366)
   defining Unicode char U+016F (decimal 367)
   defining Unicode char U+0170 (decimal 368)
   defining Unicode char U+0171 (decimal 369)
   defining Unicode char U+0178 (decimal 376)
   defining Unicode char U+0179 (decimal 377)
   defining Unicode char U+017A (decimal 378)
   defining Unicode char U+017B (decimal 379)
   defining Unicode char U+017C (decimal 380)
   defining Unicode char U+017D (decimal 381)
   defining Unicode char U+017E (decimal 382)
   defining Unicode char U+200C (decimal 8204)
   defining Unicode char U+2013 (decimal 8211)
   defining Unicode char U+2014 (decimal 8212)
   defining Unicode char U+2018 (decimal 8216)
   defining Unicode char U+2019 (decimal 8217)
   defining Unicode char U+201A (decimal 8218)
   defining Unicode char U+201C (decimal 8220)
   defining Unicode char U+201D (decimal 8221)
   defining Unicode char U+201E (decimal 8222)
   defining Unicode char U+2030 (decimal 8240)
   defining Unicode char U+2031 (decimal 8241)
   defining Unicode char U+2039 (decimal 8249)
   defining Unicode char U+203A (decimal 8250)
   defining Unicode char U+2423 (decimal 9251)
)
Now handling font encoding OT1 ...
... processing UTF-8 mapping file for font encoding OT1

(/usr/local/texlive/2012/texmf-dist/tex/latex/base/ot1enc.dfu
File: ot1enc.dfu 2008/04/05 v1.1m UTF-8 support for inputenc
   defining Unicode char U+00A1 (decimal 161)
   defining Unicode char U+00A3 (decimal 163)
   defining Unicode char U+00B8 (decimal 184)
   defining Unicode char U+00BF (decimal 191)
   defining Unicode char U+00C5 (decimal 197)
   defining Unicode char U+00C6 (decimal 198)
   defining Unicode char U+00D8 (decimal 216)
   defining Unicode char U+00DF (decimal 223)
   defining Unicode char U+00E6 (decimal 230)
   defining Unicode char U+00EC (decimal 236)
   defining Unicode char U+00ED (decimal 237)
   defining Unicode char U+00EE (decimal 238)
   defining Unicode char U+00EF (decimal 239)
   defining Unicode char U+00F8 (decimal 248)
   defining Unicode char U+0131 (decimal 305)
   defining Unicode char U+0141 (decimal 321)
   defining Unicode char U+0142 (decimal 322)
   defining Unicode char U+0152 (decimal 338)
   defining Unicode char U+0153 (decimal 339)
   defining Unicode char U+2013 (decimal 8211)
   defining Unicode char U+2014 (decimal 8212)
   defining Unicode char U+2018 (decimal 8216)
   defining Unicode char U+2019 (decimal 8217)
   defining Unicode char U+201C (decimal 8220)
   defining Unicode char U+201D (decimal 8221)
)
Now handling font encoding OMS ...
... processing UTF-8 mapping file for font encoding OMS

(/usr/local/texlive/2012/texmf-dist/tex/latex/base/omsenc.dfu
File: omsenc.dfu 2008/04/05 v1.1m UTF-8 support for inputenc
   defining Unicode char U+00A7 (decimal 167)
   defining Unicode char U+00B6 (decimal 182)
   defining Unicode char U+00B7 (decimal 183)
   defining Unicode char U+2020 (decimal 8224)
   defining Unicode char U+2021 (decimal 8225)
   defining Unicode char U+2022 (decimal 8226)
)
Now handling font encoding OMX ...
... no UTF-8 mapping file for font encoding OMX
Now handling font encoding U ...
... no UTF-8 mapping file for font encoding U
   defining Unicode char U+00A9 (decimal 169)
   defining Unicode char U+00AA (decimal 170)
   defining Unicode char U+00AE (decimal 174)
   defining Unicode char U+00BA (decimal 186)
   defining Unicode char U+02C6 (decimal 710)
   defining Unicode char U+02DC (decimal 732)
   defining Unicode char U+200C (decimal 8204)
   defining Unicode char U+2026 (decimal 8230)
   defining Unicode char U+2122 (decimal 8482)
   defining Unicode char U+2423 (decimal 9251)
))
(/usr/local/texlive/2012/texmf-dist/tex/generic/babel/babel.sty
Package: babel 2008/07/08 v3.8m The Babel package

(/usr/local/texlive/2012/texmf-dist/tex/generic/babel/spanish.ldf
Language: spanish.ldf 2011/10/06 v5.0k Spanish support from the babel system

(/usr/local/texlive/2012/texmf-dist/tex/generic/babel/babel.def
File: babel.def 2008/07/08 v3.8m Babel common definitions
\babel@savecnt=\count88
\U@D=\dimen103
)
\es@datefmt=\count89
\es@quottoks=\toks16
\es@quotdepth=\count90
Package babel Info: Making " an active character on input line 496.
Package babel Info: Making . an active character on input line 599.
Package babel Info: Making < an active character on input line 644.
Package babel Info: Making > an active character on input line 644.
))
(/usr/local/texlive/2012/texmf-dist/tex/latex/amsfonts/amsfonts.sty
Package: amsfonts 2009/06/22 v3.00 Basic AMSFonts support
\@emptytoks=\toks17
\symAMSa=\mathgroup4
\symAMSb=\mathgroup5
LaTeX Font Info:    Overwriting math alphabet `\mathfrak' in version `bold'
(Font)                  U/euf/m/n --> U/euf/b/n on input line 96.
)
(/usr/local/texlive/2012/texmf-dist/tex/latex/amsfonts/amssymb.sty
Package: amssymb 2009/06/22 v3.00
)
(/usr/local/texlive/2012/texmf-dist/tex/latex/amscls/amsthm.sty
Package: amsthm 2009/07/02 v2.20.1
\thm@style=\toks18
\thm@bodyfont=\toks19
\thm@headfont=\toks20
\thm@notefont=\toks21
\thm@headpunct=\toks22
\thm@preskip=\skip43
\thm@postskip=\skip44
\thm@headsep=\skip45
\dth@everypar=\toks23
)
(/usr/local/texlive/2012/texmf-dist/tex/latex/amsmath/amsmath.sty
Package: amsmath 2000/07/18 v2.13 AMS math features
\@mathmargin=\skip46

For additional information on amsmath, use the `?' option.
(/usr/local/texlive/2012/texmf-dist/tex/latex/amsmath/amstext.sty
Package: amstext 2000/06/29 v2.01

(/usr/local/texlive/2012/texmf-dist/tex/latex/amsmath/amsgen.sty
File: amsgen.sty 1999/11/30 v2.0
\@emptytoks=\toks24
\ex@=\dimen104
))
(/usr/local/texlive/2012/texmf-dist/tex/latex/amsmath/amsbsy.sty
Package: amsbsy 1999/11/29 v1.2d
\pmbraise@=\dimen105
)
(/usr/local/texlive/2012/texmf-dist/tex/latex/amsmath/amsopn.sty
Package: amsopn 1999/12/14 v2.01 operator names
)
\inf@bad=\count91
LaTeX Info: Redefining \frac on input line 211.
\uproot@=\count92
\leftroot@=\count93
LaTeX Info: Redefining \overline on input line 307.
\classnum@=\count94
\DOTSCASE@=\count95
LaTeX Info: Redefining \ldots on input line 379.
LaTeX Info: Redefining \dots on input line 382.
LaTeX Info: Redefining \cdots on input line 467.
\Mathstrutbox@=\box26
\strutbox@=\box27
\big@size=\dimen106
LaTeX Font Info:    Redeclaring font encoding OML on input line 567.
LaTeX Font Info:    Redeclaring font encoding OMS on input line 568.
\macc@depth=\count96
\c@MaxMatrixCols=\count97
\dotsspace@=\muskip10
\c@parentequation=\count98
\dspbrk@lvl=\count99
\tag@help=\toks25
\row@=\count100
\column@=\count101
\maxfields@=\count102
\andhelp@=\toks26
\eqnshift@=\dimen107
\alignsep@=\dimen108
\tagshift@=\dimen109
\tagwidth@=\dimen110
\totwidth@=\dimen111
\lineht@=\dimen112
\@envbody=\toks27
\multlinegap=\skip47
\multlinetaggap=\skip48
\mathdisplay@stack=\toks28
LaTeX Info: Redefining \[ on input line 2666.
LaTeX Info: Redefining \] on input line 2667.
)
(/usr/local/texlive/2012/texmf-dist/tex/latex/tools/array.sty
Package: array 2008/09/09 v2.4c Tabular extension package (FMi)
\col@sep=\dimen113
\extrarowheight=\dimen114
\NC@list=\toks29
\extratabsurround=\skip49
\backup@length=\skip50
)
(/usr/local/texlive/2012/texmf-dist/tex/latex/eurosym/eurosym.sty
Package: eurosym 1998/08/06 v1.1 European currency symbol ``Euro''
\@eurobox=\box28
)
(/usr/local/texlive/2012/texmf-dist/tex/latex/fancybox/fancybox.sty
Package: fancybox 2010/05/15 1.4

Style option: `fancybox' v1.4 <2010/05/15> (tvz)
\@fancybox=\box29
\shadowsize=\dimen115
\@Sbox=\box30
\do@VerbBox=\toks30
\the@fancyput=\toks31
\this@fancyput=\toks32
\EndVerbatimTokens=\toks33
\Verbatim@Outfile=\write3
\Verbatim@Infile=\read1
) (/usr/local/texlive/2012/texmf-dist/tex/latex/float/float.sty
Package: float 2001/11/08 v1.3d Float enhancements (AL)
\c@float@type=\count103
\float@exts=\toks34
\float@box=\box31
\@float@everytoks=\toks35
\@floatcapt=\box32
)
(/usr/local/texlive/2012/texmf-dist/tex/latex/base/fontenc.sty
Package: fontenc 2005/09/27 v1.99g Standard LaTeX package

(/usr/local/texlive/2012/texmf-dist/tex/latex/base/t1enc.def
File: t1enc.def 2005/09/27 v1.99g Standard LaTeX file
LaTeX Font Info:    Redeclaring font encoding T1 on input line 43.
))
(/usr/local/texlive/2012/texmf-dist/tex/latex/geometry/geometry.sty
Package: geometry 2010/09/12 v5.6 Page Geometry

(/usr/local/texlive/2012/texmf-dist/tex/latex/graphics/keyval.sty
Package: keyval 1999/03/16 v1.13 key=value parser (DPC)
\KV@toks@=\toks36
)
(/usr/local/texlive/2012/texmf-dist/tex/generic/oberdiek/ifpdf.sty
Package: ifpdf 2011/01/30 v2.3 Provides the ifpdf switch (HO)
Package ifpdf Info: pdfTeX in PDF mode is detected.
)
(/usr/local/texlive/2012/texmf-dist/tex/generic/oberdiek/ifvtex.sty
Package: ifvtex 2010/03/01 v1.5 Detect VTeX and its facilities (HO)
Package ifvtex Info: VTeX not detected.
)
(/usr/local/texlive/2012/texmf-dist/tex/generic/ifxetex/ifxetex.sty
Package: ifxetex 2010/09/12 v0.6 Provides ifxetex conditional
)
\Gm@cnth=\count104
\Gm@cntv=\count105
\c@Gm@tempcnt=\count106
\Gm@bindingoffset=\dimen116
\Gm@wd@mp=\dimen117
\Gm@odd@mp=\dimen118
\Gm@even@mp=\dimen119
\Gm@layoutwidth=\dimen120
\Gm@layoutheight=\dimen121
\Gm@layouthoffset=\dimen122
\Gm@layoutvoffset=\dimen123
\Gm@dimlist=\toks37
)
(/usr/local/texlive/2012/texmf-dist/tex/latex/graphics/graphicx.sty
Package: graphicx 1999/02/16 v1.0f Enhanced LaTeX Graphics (DPC,SPQR)

(/usr/local/texlive/2012/texmf-dist/tex/latex/graphics/graphics.sty
Package: graphics 2009/02/05 v1.0o Standard LaTeX Graphics (DPC,SPQR)

(/usr/local/texlive/2012/texmf-dist/tex/latex/graphics/trig.sty
Package: trig 1999/03/16 v1.09 sin cos tan (DPC)
)
(/usr/local/texlive/2012/texmf-dist/tex/latex/latexconfig/graphics.cfg
File: graphics.cfg 2010/04/23 v1.9 graphics configuration of TeX Live
)
Package graphics Info: Driver file: pdftex.def on input line 91.

(/usr/local/texlive/2012/texmf-dist/tex/latex/pdftex-def/pdftex.def
File: pdftex.def 2011/05/27 v0.06d Graphics/color for pdfTeX

(/usr/local/texlive/2012/texmf-dist/tex/generic/oberdiek/infwarerr.sty
Package: infwarerr 2010/04/08 v1.3 Providing info/warning/error messages (HO)
)
(/usr/local/texlive/2012/texmf-dist/tex/generic/oberdiek/ltxcmds.sty
Package: ltxcmds 2011/11/09 v1.22 LaTeX kernel commands for general use (HO)
)
\Gread@gobject=\count107
))
\Gin@req@height=\dimen124
\Gin@req@width=\dimen125
)
(/usr/local/texlive/2012/texmf-dist/tex/latex/hyperref/hyperref.sty
Package: hyperref 2012/05/13 v6.82q Hypertext links for LaTeX

(/usr/local/texlive/2012/texmf-dist/tex/generic/oberdiek/hobsub-hyperref.sty
Package: hobsub-hyperref 2012/05/28 v1.13 Bundle oberdiek, subset hyperref (HO)


(/usr/local/texlive/2012/texmf-dist/tex/generic/oberdiek/hobsub-generic.sty
Package: hobsub-generic 2012/05/28 v1.13 Bundle oberdiek, subset generic (HO)
Package: hobsub 2012/05/28 v1.13 Construct package bundles (HO)
Package hobsub Info: Skipping package `infwarerr' (already loaded).
Package hobsub Info: Skipping package `ltxcmds' (already loaded).
Package: ifluatex 2010/03/01 v1.3 Provides the ifluatex switch (HO)
Package ifluatex Info: LuaTeX not detected.
Package hobsub Info: Skipping package `ifvtex' (already loaded).
Package: intcalc 2007/09/27 v1.1 Expandable calculations with integers (HO)
Package hobsub Info: Skipping package `ifpdf' (already loaded).
Package: etexcmds 2011/02/16 v1.5 Avoid name clashes with e-TeX commands (HO)
Package etexcmds Info: Could not find \expanded.
(etexcmds)             That can mean that you are not using pdfTeX 1.50 or
(etexcmds)             that some package has redefined \expanded.
(etexcmds)             In the latter case, load this package earlier.
Package: kvsetkeys 2012/04/25 v1.16 Key value parser (HO)
Package: kvdefinekeys 2011/04/07 v1.3 Define keys (HO)
Package: pdftexcmds 2011/11/29 v0.20 Utility functions of pdfTeX for LuaTeX (HO
)
Package pdftexcmds Info: LuaTeX not detected.
Package pdftexcmds Info: \pdf@primitive is available.
Package pdftexcmds Info: \pdf@ifprimitive is available.
Package pdftexcmds Info: \pdfdraftmode found.
Package: pdfescape 2011/11/25 v1.13 Implements pdfTeX's escape features (HO)
Package: bigintcalc 2012/04/08 v1.3 Expandable calculations on big integers (HO
)
Package: bitset 2011/01/30 v1.1 Handle bit-vector datatype (HO)
Package: uniquecounter 2011/01/30 v1.2 Provide unlimited unique counter (HO)
)
Package hobsub Info: Skipping package `hobsub' (already loaded).
Package: letltxmacro 2010/09/02 v1.4 Let assignment for LaTeX macros (HO)
Package: hopatch 2012/05/28 v1.2 Wrapper for package hooks (HO)
Package: xcolor-patch 2011/01/30 xcolor patch
Package: atveryend 2011/06/30 v1.8 Hooks at the very end of document (HO)
Package atveryend Info: \enddocument detected (standard20110627).
Package: atbegshi 2011/10/05 v1.16 At begin shipout hook (HO)
Package: refcount 2011/10/16 v3.4 Data extraction from label references (HO)
Package: hycolor 2011/01/30 v1.7 Color options for hyperref/bookmark (HO)
)
(/usr/local/texlive/2012/texmf-dist/tex/latex/oberdiek/kvoptions.sty
Package: kvoptions 2011/06/30 v3.11 Key value format for package options (HO)
)
\@linkdim=\dimen126
\Hy@linkcounter=\count108
\Hy@pagecounter=\count109

(/usr/local/texlive/2012/texmf-dist/tex/latex/hyperref/pd1enc.def
File: pd1enc.def 2012/05/13 v6.82q Hyperref: PDFDocEncoding definition (HO)
Now handling font encoding PD1 ...
... no UTF-8 mapping file for font encoding PD1
)
\Hy@SavedSpaceFactor=\count110

(/usr/local/texlive/2012/texmf-dist/tex/latex/latexconfig/hyperref.cfg
File: hyperref.cfg 2002/06/06 v1.2 hyperref configuration of TeXLive
)
Package hyperref Info: Option `colorlinks' set `true' on input line 3941.


Package hyperref Warning: Option `pagecolor' is not available anymore.

Package hyperref Info: Hyper figures OFF on input line 4062.
Package hyperref Info: Link nesting OFF on input line 4067.
Package hyperref Info: Hyper index ON on input line 4070.
Package hyperref Info: Plain pages OFF on input line 4077.
Package hyperref Info: Backreferencing OFF on input line 4082.
Package hyperref Info: Implicit mode ON; LaTeX internals redefined.
Package hyperref Info: Bookmarks ON on input line 4300.
\c@Hy@tempcnt=\count111
(/usr/local/texlive/2012/texmf-dist/tex/latex/url/url.sty
\Urlmuskip=\muskip11
Package: url 2006/04/12  ver 3.3  Verb mode for urls, etc.
)
LaTeX Info: Redefining \url on input line 4653.
\Fld@menulength=\count112
\Field@Width=\dimen127
\Fld@charsize=\dimen128
Package hyperref Info: Hyper figures OFF on input line 5773.
Package hyperref Info: Link nesting OFF on input line 5778.
Package hyperref Info: Hyper index ON on input line 5781.
Package hyperref Info: backreferencing OFF on input line 5788.
Package hyperref Info: Link coloring ON on input line 5791.
Package hyperref Info: Link coloring with OCG OFF on input line 5798.
Package hyperref Info: PDF/A mode OFF on input line 5803.
LaTeX Info: Redefining \ref on input line 5843.
LaTeX Info: Redefining \pageref on input line 5847.
\Hy@abspage=\count113
\c@Item=\count114
\c@Hfootnote=\count115
)

Package hyperref Message: Driver (autodetected): hpdftex.

(/usr/local/texlive/2012/texmf-dist/tex/latex/hyperref/hpdftex.def
File: hpdftex.def 2012/05/13 v6.82q Hyperref driver for pdfTeX
\Fld@listcount=\count116
\c@bookmark@seq@number=\count117

(/usr/local/texlive/2012/texmf-dist/tex/latex/oberdiek/rerunfilecheck.sty
Package: rerunfilecheck 2011/04/15 v1.7 Rerun checks for auxiliary files (HO)
Package uniquecounter Info: New unique counter `rerunfilecheck' on input line 2
82.
)
\Hy@SectionHShift=\skip51
)
(/usr/local/texlive/2012/texmf-dist/tex/latex/koma-script/scrpage2.sty
Package: scrpage2 2010/04/22 v2.5 LaTeX2e KOMA-Script package
)
(/usr/local/texlive/2012/texmf-dist/tex/latex/supertabular/supertabular.sty
Package: supertabular 2004/02/20 v4.1e the supertabular environment
\c@tracingst=\count118
\ST@wd=\dimen129
\ST@rightskip=\skip52
\ST@leftskip=\skip53
\ST@parfillskip=\skip54
\ST@pageleft=\dimen130
\ST@headht=\dimen131
\ST@tailht=\dimen132
\ST@pagesofar=\dimen133
\ST@pboxht=\dimen134
\ST@lineht=\dimen135
\ST@stretchht=\dimen136
\ST@prevht=\dimen137
\ST@toadd=\dimen138
\ST@dimen=\dimen139
\ST@pbox=\box33
)
(/usr/local/texlive/2012/texmf-dist/tex/latex/pgf/frontendlayer/tikz.sty
(/usr/local/texlive/2012/texmf-dist/tex/latex/pgf/basiclayer/pgf.sty
(/usr/local/texlive/2012/texmf-dist/tex/latex/pgf/utilities/pgfrcs.sty
(/usr/local/texlive/2012/texmf-dist/tex/generic/pgf/utilities/pgfutil-common.te
x
\pgfutil@everybye=\toks38
)
(/usr/local/texlive/2012/texmf-dist/tex/generic/pgf/utilities/pgfutil-latex.def
\pgfutil@abb=\box34
(/usr/local/texlive/2012/texmf-dist/tex/latex/ms/everyshi.sty
Package: everyshi 2001/05/15 v3.00 EveryShipout Package (MS)
))
(/usr/local/texlive/2012/texmf-dist/tex/generic/pgf/utilities/pgfrcs.code.tex
Package: pgfrcs 2010/10/25 v2.10 (rcs-revision 1.24)
))
Package: pgf 2008/01/15 v2.10 (rcs-revision 1.12)
(/usr/local/texlive/2012/texmf-dist/tex/latex/pgf/basiclayer/pgfcore.sty
(/usr/local/texlive/2012/texmf-dist/tex/latex/pgf/systemlayer/pgfsys.sty
(/usr/local/texlive/2012/texmf-dist/tex/generic/pgf/systemlayer/pgfsys.code.tex
Package: pgfsys 2010/06/30 v2.10 (rcs-revision 1.37)
(/usr/local/texlive/2012/texmf-dist/tex/generic/pgf/utilities/pgfkeys.code.tex
\pgfkeys@pathtoks=\toks39
\pgfkeys@temptoks=\toks40

(/usr/local/texlive/2012/texmf-dist/tex/generic/pgf/utilities/pgfkeysfiltered.c
ode.tex
\pgfkeys@tmptoks=\toks41
))
\pgf@x=\dimen140
\pgf@y=\dimen141
\pgf@xa=\dimen142
\pgf@ya=\dimen143
\pgf@xb=\dimen144
\pgf@yb=\dimen145
\pgf@xc=\dimen146
\pgf@yc=\dimen147
\w@pgf@writea=\write4
\r@pgf@reada=\read2
\c@pgf@counta=\count119
\c@pgf@countb=\count120
\c@pgf@countc=\count121
\c@pgf@countd=\count122

(/usr/local/texlive/2012/texmf-dist/tex/generic/pgf/systemlayer/pgf.cfg
File: pgf.cfg 2008/05/14  (rcs-revision 1.7)
)
Package pgfsys Info: Driver file for pgf: pgfsys-pdftex.def on input line 900.

(/usr/local/texlive/2012/texmf-dist/tex/generic/pgf/systemlayer/pgfsys-pdftex.d
ef
File: pgfsys-pdftex.def 2009/05/22  (rcs-revision 1.26)

(/usr/local/texlive/2012/texmf-dist/tex/generic/pgf/systemlayer/pgfsys-common-p
df.def
File: pgfsys-common-pdf.def 2008/05/19  (rcs-revision 1.10)
)))
(/usr/local/texlive/2012/texmf-dist/tex/generic/pgf/systemlayer/pgfsyssoftpath.
code.tex
File: pgfsyssoftpath.code.tex 2008/07/18  (rcs-revision 1.7)
\pgfsyssoftpath@smallbuffer@items=\count123
\pgfsyssoftpath@bigbuffer@items=\count124
)
(/usr/local/texlive/2012/texmf-dist/tex/generic/pgf/systemlayer/pgfsysprotocol.
code.tex
File: pgfsysprotocol.code.tex 2006/10/16  (rcs-revision 1.4)
)) (/usr/local/texlive/2012/texmf-dist/tex/latex/xcolor/xcolor.sty
Package: xcolor 2007/01/21 v2.11 LaTeX color extensions (UK)

(/usr/local/texlive/2012/texmf-dist/tex/latex/latexconfig/color.cfg
File: color.cfg 2007/01/18 v1.5 color configuration of teTeX/TeXLive
)
Package xcolor Info: Driver file: pdftex.def on input line 225.
Package xcolor Info: Model `cmy' substituted by `cmy0' on input line 1337.
Package xcolor Info: Model `hsb' substituted by `rgb' on input line 1341.
Package xcolor Info: Model `RGB' extended on input line 1353.
Package xcolor Info: Model `HTML' substituted by `rgb' on input line 1355.
Package xcolor Info: Model `Hsb' substituted by `hsb' on input line 1356.
Package xcolor Info: Model `tHsb' substituted by `hsb' on input line 1357.
Package xcolor Info: Model `HSB' substituted by `hsb' on input line 1358.
Package xcolor Info: Model `Gray' substituted by `gray' on input line 1359.
Package xcolor Info: Model `wave' substituted by `hsb' on input line 1360.
)
(/usr/local/texlive/2012/texmf-dist/tex/generic/pgf/basiclayer/pgfcore.code.tex
Package: pgfcore 2010/04/11 v2.10 (rcs-revision 1.7)
(/usr/local/texlive/2012/texmf-dist/tex/generic/pgf/math/pgfmath.code.tex
(/usr/local/texlive/2012/texmf-dist/tex/generic/pgf/math/pgfmathcalc.code.tex
(/usr/local/texlive/2012/texmf-dist/tex/generic/pgf/math/pgfmathutil.code.tex)
(/usr/local/texlive/2012/texmf-dist/tex/generic/pgf/math/pgfmathparser.code.tex
\pgfmath@dimen=\dimen148
\pgfmath@count=\count125
\pgfmath@box=\box35
\pgfmath@toks=\toks42
\pgfmath@stack@operand=\toks43
\pgfmath@stack@operation=\toks44
)
(/usr/local/texlive/2012/texmf-dist/tex/generic/pgf/math/pgfmathfunctions.code.
tex
(/usr/local/texlive/2012/texmf-dist/tex/generic/pgf/math/pgfmathfunctions.basic
.code.tex)
(/usr/local/texlive/2012/texmf-dist/tex/generic/pgf/math/pgfmathfunctions.trigo
nometric.code.tex)
(/usr/local/texlive/2012/texmf-dist/tex/generic/pgf/math/pgfmathfunctions.rando
m.code.tex)
(/usr/local/texlive/2012/texmf-dist/tex/generic/pgf/math/pgfmathfunctions.compa
rison.code.tex)
(/usr/local/texlive/2012/texmf-dist/tex/generic/pgf/math/pgfmathfunctions.base.
code.tex)
(/usr/local/texlive/2012/texmf-dist/tex/generic/pgf/math/pgfmathfunctions.round
.code.tex)
(/usr/local/texlive/2012/texmf-dist/tex/generic/pgf/math/pgfmathfunctions.misc.
code.tex)))
(/usr/local/texlive/2012/texmf-dist/tex/generic/pgf/math/pgfmathfloat.code.tex
\c@pgfmathroundto@lastzeros=\count126
))
(/usr/local/texlive/2012/texmf-dist/tex/generic/pgf/basiclayer/pgfcorepoints.co
de.tex
File: pgfcorepoints.code.tex 2010/04/09  (rcs-revision 1.20)
\pgf@picminx=\dimen149
\pgf@picmaxx=\dimen150
\pgf@picminy=\dimen151
\pgf@picmaxy=\dimen152
\pgf@pathminx=\dimen153
\pgf@pathmaxx=\dimen154
\pgf@pathminy=\dimen155
\pgf@pathmaxy=\dimen156
\pgf@xx=\dimen157
\pgf@xy=\dimen158
\pgf@yx=\dimen159
\pgf@yy=\dimen160
\pgf@zx=\dimen161
\pgf@zy=\dimen162
)
(/usr/local/texlive/2012/texmf-dist/tex/generic/pgf/basiclayer/pgfcorepathconst
ruct.code.tex
File: pgfcorepathconstruct.code.tex 2010/08/03  (rcs-revision 1.24)
\pgf@path@lastx=\dimen163
\pgf@path@lasty=\dimen164
)
(/usr/local/texlive/2012/texmf-dist/tex/generic/pgf/basiclayer/pgfcorepathusage
.code.tex
File: pgfcorepathusage.code.tex 2008/04/22  (rcs-revision 1.12)
\pgf@shorten@end@additional=\dimen165
\pgf@shorten@start@additional=\dimen166
)
(/usr/local/texlive/2012/texmf-dist/tex/generic/pgf/basiclayer/pgfcorescopes.co
de.tex
File: pgfcorescopes.code.tex 2010/09/08  (rcs-revision 1.34)
\pgfpic=\box36
\pgf@hbox=\box37
\pgf@layerbox@main=\box38
\pgf@picture@serial@count=\count127
)
(/usr/local/texlive/2012/texmf-dist/tex/generic/pgf/basiclayer/pgfcoregraphicst
ate.code.tex
File: pgfcoregraphicstate.code.tex 2008/04/22  (rcs-revision 1.9)
\pgflinewidth=\dimen167
)
(/usr/local/texlive/2012/texmf-dist/tex/generic/pgf/basiclayer/pgfcoretransform
ations.code.tex
File: pgfcoretransformations.code.tex 2009/06/10  (rcs-revision 1.11)
\pgf@pt@x=\dimen168
\pgf@pt@y=\dimen169
\pgf@pt@temp=\dimen170
)
(/usr/local/texlive/2012/texmf-dist/tex/generic/pgf/basiclayer/pgfcorequick.cod
e.tex
File: pgfcorequick.code.tex 2008/10/09  (rcs-revision 1.3)
)
(/usr/local/texlive/2012/texmf-dist/tex/generic/pgf/basiclayer/pgfcoreobjects.c
ode.tex
File: pgfcoreobjects.code.tex 2006/10/11  (rcs-revision 1.2)
)
(/usr/local/texlive/2012/texmf-dist/tex/generic/pgf/basiclayer/pgfcorepathproce
ssing.code.tex
File: pgfcorepathprocessing.code.tex 2008/10/09  (rcs-revision 1.8)
)
(/usr/local/texlive/2012/texmf-dist/tex/generic/pgf/basiclayer/pgfcorearrows.co
de.tex
File: pgfcorearrows.code.tex 2008/04/23  (rcs-revision 1.11)
)
(/usr/local/texlive/2012/texmf-dist/tex/generic/pgf/basiclayer/pgfcoreshade.cod
e.tex
File: pgfcoreshade.code.tex 2008/11/23  (rcs-revision 1.13)
\pgf@max=\dimen171
\pgf@sys@shading@range@num=\count128
)
(/usr/local/texlive/2012/texmf-dist/tex/generic/pgf/basiclayer/pgfcoreimage.cod
e.tex
File: pgfcoreimage.code.tex 2010/03/25  (rcs-revision 1.16)

(/usr/local/texlive/2012/texmf-dist/tex/generic/pgf/basiclayer/pgfcoreexternal.
code.tex
File: pgfcoreexternal.code.tex 2010/09/01  (rcs-revision 1.17)
\pgfexternal@startupbox=\box39
))
(/usr/local/texlive/2012/texmf-dist/tex/generic/pgf/basiclayer/pgfcorelayers.co
de.tex
File: pgfcorelayers.code.tex 2010/08/27  (rcs-revision 1.2)
)
(/usr/local/texlive/2012/texmf-dist/tex/generic/pgf/basiclayer/pgfcoretranspare
ncy.code.tex
File: pgfcoretransparency.code.tex 2008/01/17  (rcs-revision 1.2)
)
(/usr/local/texlive/2012/texmf-dist/tex/generic/pgf/basiclayer/pgfcorepatterns.
code.tex
File: pgfcorepatterns.code.tex 2009/07/02  (rcs-revision 1.3)
)))
(/usr/local/texlive/2012/texmf-dist/tex/generic/pgf/modules/pgfmoduleshapes.cod
e.tex
File: pgfmoduleshapes.code.tex 2010/09/09  (rcs-revision 1.13)
\pgfnodeparttextbox=\box40
)
(/usr/local/texlive/2012/texmf-dist/tex/generic/pgf/modules/pgfmoduleplot.code.
tex
File: pgfmoduleplot.code.tex 2010/10/22  (rcs-revision 1.8)
)
(/usr/local/texlive/2012/texmf-dist/tex/latex/pgf/compatibility/pgfcomp-version
-0-65.sty
Package: pgfcomp-version-0-65 2007/07/03 v2.10 (rcs-revision 1.7)
\pgf@nodesepstart=\dimen172
\pgf@nodesepend=\dimen173
)
(/usr/local/texlive/2012/texmf-dist/tex/latex/pgf/compatibility/pgfcomp-version
-1-18.sty
Package: pgfcomp-version-1-18 2007/07/23 v2.10 (rcs-revision 1.1)
))
(/usr/local/texlive/2012/texmf-dist/tex/latex/pgf/utilities/pgffor.sty
(/usr/local/texlive/2012/texmf-dist/tex/latex/pgf/utilities/pgfkeys.sty
(/usr/local/texlive/2012/texmf-dist/tex/generic/pgf/utilities/pgfkeys.code.tex)
) (/usr/local/texlive/2012/texmf-dist/tex/generic/pgf/utilities/pgffor.code.tex
Package: pgffor 2010/03/23 v2.10 (rcs-revision 1.18)
\pgffor@iter=\dimen174
\pgffor@skip=\dimen175
\pgffor@stack=\toks45
\pgffor@toks=\toks46
))
(/usr/local/texlive/2012/texmf-dist/tex/generic/pgf/frontendlayer/tikz/tikz.cod
e.tex
Package: tikz 2010/10/13 v2.10 (rcs-revision 1.76)

(/usr/local/texlive/2012/texmf-dist/tex/generic/pgf/libraries/pgflibraryplothan
dlers.code.tex
File: pgflibraryplothandlers.code.tex 2010/05/31 v2.10 (rcs-revision 1.15)
\pgf@plot@mark@count=\count129
\pgfplotmarksize=\dimen176
)
\tikz@lastx=\dimen177
\tikz@lasty=\dimen178
\tikz@lastxsaved=\dimen179
\tikz@lastysaved=\dimen180
\tikzleveldistance=\dimen181
\tikzsiblingdistance=\dimen182
\tikz@figbox=\box41
\tikz@tempbox=\box42
\tikztreelevel=\count130
\tikznumberofchildren=\count131
\tikznumberofcurrentchild=\count132
\tikz@fig@count=\count133

(/usr/local/texlive/2012/texmf-dist/tex/generic/pgf/modules/pgfmodulematrix.cod
e.tex
File: pgfmodulematrix.code.tex 2010/08/24  (rcs-revision 1.4)
\pgfmatrixcurrentrow=\count134
\pgfmatrixcurrentcolumn=\count135
\pgf@matrix@numberofcolumns=\count136
)
\tikz@expandcount=\count137

(/usr/local/texlive/2012/texmf-dist/tex/generic/pgf/frontendlayer/tikz/librarie
s/tikzlibrarytopaths.code.tex
File: tikzlibrarytopaths.code.tex 2008/06/17 v2.10 (rcs-revision 1.2)
))))
(/usr/local/texlive/2012/texmf-dist/tex/latex/titlesec/titletoc.sty
Package: titletoc 2011/12/15 v1.6 TOC entries
\ttl@leftsep=\dimen183
)
(./estilo/colores.sty

LaTeX Warning: You have requested package `./estilo/colores',
               but the package provides `colores'.

Package: colores 
) (./estilo/comandos.sty)
(/usr/local/texlive/2012/texmf-dist/tex/latex/colortbl/colortbl.sty
Package: colortbl 2012/02/13 v1.0a Color table columns (DPC)
\everycr=\toks47
\minrowclearance=\skip55
)
(./manualesp.aux
LaTeX Info: Redefining \. on input line 21.
LaTeX Info: Redefining \% on input line 21.


LaTeX Warning: Label `a' multiply defined.


LaTeX Warning: Label `a' multiply defined.


LaTeX Warning: Label `a' multiply defined.


LaTeX Warning: Label `a' multiply defined.


LaTeX Warning: Label `a' multiply defined.


LaTeX Warning: Label `a' multiply defined.


LaTeX Warning: Label `a' multiply defined.


LaTeX Warning: Label `a' multiply defined.


LaTeX Warning: Label `a' multiply defined.


LaTeX Warning: Label `a' multiply defined.


LaTeX Warning: Label `a' multiply defined.


LaTeX Warning: Label `a' multiply defined.


LaTeX Warning: Label `a' multiply defined.


LaTeX Warning: Label `a' multiply defined.


LaTeX Warning: Label `a' multiply defined.


LaTeX Warning: Label `a' multiply defined.


LaTeX Warning: Label `a' multiply defined.


LaTeX Warning: Label `a' multiply defined.


LaTeX Warning: Label `a' multiply defined.


LaTeX Warning: Label `a' multiply defined.


LaTeX Warning: Label `a' multiply defined.


LaTeX Warning: Label `a' multiply defined.


LaTeX Warning: Label `a' multiply defined.


LaTeX Warning: Label `a' multiply defined.


LaTeX Warning: Label `a' multiply defined.


LaTeX Warning: Label `a' multiply defined.


LaTeX Warning: Label `a' multiply defined.


LaTeX Warning: Label `a' multiply defined.


LaTeX Warning: Label `a' multiply defined.


LaTeX Warning: Label `a' multiply defined.


LaTeX Warning: Label `a' multiply defined.


LaTeX Warning: Label `a' multiply defined.


LaTeX Warning: Label `a' multiply defined.


LaTeX Warning: Label `a' multiply defined.


LaTeX Warning: Label `a' multiply defined.


LaTeX Warning: Label `a' multiply defined.


LaTeX Warning: Label `a' multiply defined.


LaTeX Warning: Label `a' multiply defined.

)
\openout1 = `manualesp.aux'.

LaTeX Font Info:    Checking defaults for OML/cmm/m/it on input line 16.
LaTeX Font Info:    ... okay on input line 16.
LaTeX Font Info:    Checking defaults for T1/cmr/m/n on input line 16.
LaTeX Font Info:    ... okay on input line 16.
LaTeX Font Info:    Checking defaults for OT1/cmr/m/n on input line 16.
LaTeX Font Info:    ... okay on input line 16.
LaTeX Font Info:    Checking defaults for OMS/cmsy/m/n on input line 16.
LaTeX Font Info:    ... okay on input line 16.
LaTeX Font Info:    Checking defaults for OMX/cmex/m/n on input line 16.
LaTeX Font Info:    ... okay on input line 16.
LaTeX Font Info:    Checking defaults for U/cmr/m/n on input line 16.
LaTeX Font Info:    ... okay on input line 16.
LaTeX Font Info:    Checking defaults for PD1/pdf/m/n on input line 16.
LaTeX Font Info:    ... okay on input line 16.
LaTeX Info: Redefining \. on input line 16.
LaTeX Info: Redefining \% on input line 16.

*geometry* driver: auto-detecting
*geometry* detected driver: pdftex
*geometry* verbose mode - [ preamble ] result:
* driver: pdftex
* paper: a4paper
* layout: <same size as paper>
* layoutoffset:(h,v)=(0.0pt,0.0pt)
* modes: twoside 
* h-part:(L,W,R)=(71.13188pt, 455.24411pt, 71.13188pt)
* v-part:(T,H,B)=(99.58464pt, 645.87756pt, 99.58464pt)
* \paperwidth=597.50787pt
* \paperheight=845.04684pt
* \textwidth=455.24411pt
* \textheight=645.87756pt
* \oddsidemargin=-1.1381pt
* \evensidemargin=-1.1381pt
* \topmargin=-14.22636pt
* \headheight=12.0pt
* \headsep=28.45274pt
* \topskip=11.0pt
* \footskip=27.46295pt
* \marginparwidth=106.0pt
* \marginparsep=7.0pt
* \columnsep=10.0pt
* \skip\footins=10.0pt plus 4.0pt minus 2.0pt
* \hoffset=0.0pt
* \voffset=0.0pt
* \mag=1000
* \@twocolumnfalse
* \@twosidetrue
* \@mparswitchtrue
* \@reversemarginfalse
* (1in=72.27pt=25.4mm, 1cm=28.453pt)

(/usr/local/texlive/2012/texmf-dist/tex/context/base/supp-pdf.mkii
[Loading MPS to PDF converter (version 2006.09.02).]
\scratchcounter=\count138
\scratchdimen=\dimen184
\scratchbox=\box43
\nofMPsegments=\count139
\nofMParguments=\count140
\everyMPshowfont=\toks48
\MPscratchCnt=\count141
\MPscratchDim=\dimen185
\MPnumerator=\count142
\makeMPintoPDFobject=\count143
\everyMPtoPDFconversion=\toks49
) (/usr/local/texlive/2012/texmf-dist/tex/latex/oberdiek/epstopdf-base.sty
Package: epstopdf-base 2010/02/09 v2.5 Base part for package epstopdf

(/usr/local/texlive/2012/texmf-dist/tex/latex/oberdiek/grfext.sty
Package: grfext 2010/08/19 v1.1 Manage graphics extensions (HO)
)
Package grfext Info: Graphics extension search list:
(grfext)             [.png,.pdf,.jpg,.mps,.jpeg,.jbig2,.jb2,.PNG,.PDF,.JPG,.JPE
G,.JBIG2,.JB2,.eps]
(grfext)             \AppendGraphicsExtensions on input line 452.

(/usr/local/texlive/2012/texmf-dist/tex/latex/latexconfig/epstopdf-sys.cfg
File: epstopdf-sys.cfg 2010/07/13 v1.3 Configuration of (r)epstopdf for TeX Liv
e
))
\AtBeginShipoutBox=\box44
Package hyperref Info: Link coloring ON on input line 16.

(/usr/local/texlive/2012/texmf-dist/tex/latex/hyperref/nameref.sty
Package: nameref 2010/04/30 v2.40 Cross-referencing by name of section

(/usr/local/texlive/2012/texmf-dist/tex/generic/oberdiek/gettitlestring.sty
Package: gettitlestring 2010/12/03 v1.4 Cleanup title references (HO)
)
\c@section@level=\count144
)
LaTeX Info: Redefining \ref on input line 16.
LaTeX Info: Redefining \pageref on input line 16.
LaTeX Info: Redefining \nameref on input line 16.

(./manualesp.out) (./manualesp.out)
\@outlinefile=\write5
\openout5 = `manualesp.out'.



Package scrpage2 Warning: seems you are using a constant headheight.
(scrpage2)                If you get overfull \vbox warnings at almost every
(scrpage2)                page, you should increase headheight e.g. writing
(scrpage2)                 \setlength{\headheight}{1.1\baselineskip}
(scrpage2)                into the preamble of your document.
(scrpage2)                A better solution would be to use typearea package.

ABD: EveryShipout initializing macros
<./img/caplogin.png, id=135, 1294.8375pt x 639.38875pt>
File: ./img/caplogin.png Graphic file (type png)

<use ./img/caplogin.png>
Package pdftex.def Info: ./img/caplogin.png used on input line 25.
(pdftex.def)             Requested size: 453.1999pt x 223.78941pt.
LaTeX Info: Redefining \. on input line 36.
LaTeX Info: Redefining \% on input line 36.
 [1{/usr/local/texlive/2012/texmf-var/fonts/map/pdftex/updmap/pdftex.map}

 <./img/caplogin.png>]
<./img/capolvidada.png, id=146, 1265.72874pt x 632.3625pt>
File: ./img/capolvidada.png Graphic file (type png)

<use ./img/capolvidada.png>
Package pdftex.def Info: ./img/capolvidada.png used on input line 41.
(pdftex.def)             Requested size: 443.0117pt x 221.33018pt.
 [2 <./img/capolvidada.png>]
<./img/capprincipal.png, id=152, 1263.72125pt x 552.0625pt>
File: ./img/capprincipal.png Graphic file (type png)

<use ./img/capprincipal.png>
Package pdftex.def Info: ./img/capprincipal.png used on input line 53.
(pdftex.def)             Requested size: 442.30907pt x 193.22476pt.

<./img/capregistrocliente.png, id=153, 1264.725pt x 635.37375pt>
File: ./img/capregistrocliente.png Graphic file (type png)

<use ./img/capregistrocliente.png>
Package pdftex.def Info: ./img/capregistrocliente.png used on input line 64.
(pdftex.def)             Requested size: 442.66039pt x 222.38414pt.
LaTeX Info: Redefining \. on input line 71.
LaTeX Info: Redefining \% on input line 71.
 [3 <./img/capprincipal.png> <./img/capregistrocliente.png>]
<./img/caplistarclientes.png, id=160, 1264.725pt x 671.50874pt>
File: ./img/caplistarclientes.png Graphic file (type png)

<use ./img/caplistarclientes.png>
Package pdftex.def Info: ./img/caplistarclientes.png used on input line 75.
(pdftex.def)             Requested size: 442.66039pt x 235.03159pt.
 [4 <./img/caplistarclientes.png>]
<./img/capmodificarcliente.png, id=166, 1262.7175pt x 637.38126pt>
File: ./img/capmodificarcliente.png Graphic file (type png)

<use ./img/capmodificarcliente.png>
Package pdftex.def Info: ./img/capmodificarcliente.png used on input line 87.
(pdftex.def)             Requested size: 441.95775pt x 223.08678pt.
LaTeX Info: Redefining \. on input line 94.
LaTeX Info: Redefining \% on input line 94.
 [5 <./img/capmodificarcliente.png>]
<./img/capmoverproductos.png, id=172, 1264.725pt x 665.48625pt>
File: ./img/capmoverproductos.png Graphic file (type png)

<use ./img/capmoverproductos.png>
Package pdftex.def Info: ./img/capmoverproductos.png used on input line 99.
(pdftex.def)             Requested size: 442.66039pt x 232.92368pt.

<./img/capregistroproducto.png, id=173, 1262.7175pt x 603.25375pt>
File: ./img/capregistroproducto.png Graphic file (type png)

<use ./img/capregistroproducto.png>
Package pdftex.def Info: ./img/capregistroproducto.png used on input line 110.
(pdftex.def)             Requested size: 441.95775pt x 211.14197pt.
 [6 <./img/capmoverproductos.png> <./img/capregistroproducto.png>]
<./img/capmodificarproducto.png, id=181, 1260.71pt x 603.25375pt>
File: ./img/capmodificarproducto.png Graphic file (type png)

<use ./img/capmodificarproducto.png>
Package pdftex.def Info: ./img/capmodificarproducto.png used on input line 122.

(pdftex.def)             Requested size: 441.25511pt x 211.14197pt.
LaTeX Info: Redefining \. on input line 128.
LaTeX Info: Redefining \% on input line 128.
 [7 <./img/capmodificarproducto.png>]
<./img/caplistarproductos.png, id=188, 1261.71375pt x 681.54625pt>
File: ./img/caplistarproductos.png Graphic file (type png)

<use ./img/caplistarproductos.png>
Package pdftex.def Info: ./img/caplistarproductos.png used on input line 133.
(pdftex.def)             Requested size: 441.60643pt x 238.54475pt.
 [8 <./img/caplistarproductos.png>]
<./img/caplistarfamilias.png, id=194, 1262.7175pt x 582.175pt>
File: ./img/caplistarfamilias.png Graphic file (type png)

<use ./img/caplistarfamilias.png>
Package pdftex.def Info: ./img/caplistarfamilias.png used on input line 145.
(pdftex.def)             Requested size: 441.95775pt x 203.7643pt.
LaTeX Info: Redefining \. on input line 152.
LaTeX Info: Redefining \% on input line 152.
 [9 <./img/caplistarfamilias.png>]
<./img/capnuevaventa.png, id=200, 1293.83376pt x 867.24pt>
File: ./img/capnuevaventa.png Graphic file (type png)

<use ./img/capnuevaventa.png>
Package pdftex.def Info: ./img/capnuevaventa.png used on input line 157.
(pdftex.def)             Requested size: 452.8486pt x 303.53854pt.

<./img/capnuevaventa1.png, id=201, 1292.83pt x 213.79875pt>
File: ./img/capnuevaventa1.png Graphic file (type png)

<use ./img/capnuevaventa1.png>
Package pdftex.def Info: ./img/capnuevaventa1.png used on input line 164.
(pdftex.def)             Requested size: 452.49728pt x 74.83067pt.

<./img/capnuevaventa2.png, id=202, 307.1475pt x 212.795pt>
File: ./img/capnuevaventa2.png Graphic file (type png)

<use ./img/capnuevaventa2.png>
Package pdftex.def Info: ./img/capnuevaventa2.png used on input line 171.
(pdftex.def)             Requested size: 107.50323pt x 74.47935pt.
 [10 <./img/capnuevaventa.png> <./img/capnuevaventa1.png> <./img/capnuevaventa2
.png>]
<./img/caplistarventas.png, id=210, 1289.81876pt x 633.36626pt>
File: ./img/caplistarventas.png Graphic file (type png)

<use ./img/caplistarventas.png>
Package pdftex.def Info: ./img/caplistarventas.png used on input line 182.
(pdftex.def)             Requested size: 451.44333pt x 221.6815pt.
LaTeX Info: Redefining \. on input line 189.
LaTeX Info: Redefining \% on input line 189.
 [11 <./img/caplistarventas.png>]
<./img/capnuevadevolucion.png, id=216, 1291.82625pt x 549.05125pt>
File: ./img/capnuevadevolucion.png Graphic file (type png)

<use ./img/capnuevadevolucion.png>
Package pdftex.def Info: ./img/capnuevadevolucion.png used on input line 194.
(pdftex.def)             Requested size: 452.14597pt x 192.1708pt.

<./img/capnuevadevolucion1.png, id=217, 1291.82625pt x 570.13pt>
File: ./img/capnuevadevolucion1.png Graphic file (type png)

<use ./img/capnuevadevolucion1.png>
Package pdftex.def Info: ./img/capnuevadevolucion1.png used on input line 201.
(pdftex.def)             Requested size: 452.14597pt x 199.5485pt.
 [12 <./img/capnuevadevolucion.png> <./img/capnuevadevolucion1.png>]
<./img/caplistarreservas.png, id=224, 1294.8375pt x 520.94624pt>
File: ./img/caplistarreservas.png Graphic file (type png)

<use ./img/caplistarreservas.png>
Package pdftex.def Info: ./img/caplistarreservas.png used on input line 213.
(pdftex.def)             Requested size: 453.1999pt x 182.33391pt.
LaTeX Info: Redefining \. on input line 220.
LaTeX Info: Redefining \% on input line 220.
 [13 <./img/caplistarreservas.png>]
<./img/caplistaroperaciones.png, id=231, 1289.81876pt x 660.4675pt>
File: ./img/caplistaroperaciones.png Graphic file (type png)

<use ./img/caplistaroperaciones.png>
Package pdftex.def Info: ./img/caplistaroperaciones.png used on input line 225.

(pdftex.def)             Requested size: 451.44333pt x 231.16708pt.
 [14 <./img/caplistaroperaciones.png>]
<./img/capnuevopedido.png, id=237, 1291.82625pt x 664.4825pt>
File: ./img/capnuevopedido.png Graphic file (type png)

<use ./img/capnuevopedido.png>
Package pdftex.def Info: ./img/capnuevopedido.png used on input line 237.
(pdftex.def)             Requested size: 452.14597pt x 232.57236pt.
LaTeX Info: Redefining \. on input line 244.
LaTeX Info: Redefining \% on input line 244.
 [15 <./img/capnuevopedido.png>]
<./img/capnuevopedido1.png, id=243, 1291.82625pt x 858.20625pt>
File: ./img/capnuevopedido1.png Graphic file (type png)

<use ./img/capnuevopedido1.png>
Package pdftex.def Info: ./img/capnuevopedido1.png used on input line 247.
(pdftex.def)             Requested size: 452.14597pt x 300.3767pt.

<./img/caplistarpedidos.png, id=244, 1290.8225pt x 484.81125pt>
File: ./img/caplistarpedidos.png Graphic file (type png)

<use ./img/caplistarpedidos.png>
Package pdftex.def Info: ./img/caplistarpedidos.png used on input line 258.
(pdftex.def)             Requested size: 451.79465pt x 169.68648pt.
 [16 <./img/capnuevopedido1.png> <./img/caplistarpedidos.png>] <./img/capcitas.
png, id=251, 1297.84875pt x 601.24625pt>
File: ./img/capcitas.png Graphic file (type png)

<use ./img/capcitas.png>
Package pdftex.def Info: ./img/capcitas.png used on input line 269.
(pdftex.def)             Requested size: 454.25388pt x 210.43933pt.
LaTeX Info: Redefining \. on input line 276.
LaTeX Info: Redefining \% on input line 276.
 [17 <./img/capcitas.png>]
<./img/capcitas1.png, id=257, 912.40875pt x 667.49374pt>
File: ./img/capcitas1.png Graphic file (type png)

<use ./img/capcitas1.png>
Package pdftex.def Info: ./img/capcitas1.png used on input line 279.
(pdftex.def)             Requested size: 319.34784pt x 233.62631pt.
 [18 <./img/capcitas1.png>]
<./img/capregistrarinforme.png, id=263, 1308.89pt x 873.2625pt>
File: ./img/capregistrarinforme.png Graphic file (type png)

<use ./img/capregistrarinforme.png>
Package pdftex.def Info: ./img/capregistrarinforme.png used on input line 290.
(pdftex.def)             Requested size: 458.11836pt x 305.64645pt.

Overfull \hbox (2.87425pt too wide) in paragraph at lines 290--291
 [][] 
 []


Underfull \hbox (badness 10000) in paragraph at lines 295--298

 []

LaTeX Info: Redefining \. on input line 301.
LaTeX Info: Redefining \% on input line 301.
[19 <./img/capregistrarinforme.png>]
<./img/capnuevoarqueo.png, id=270, 1308.89pt x 638.385pt>
File: ./img/capnuevoarqueo.png Graphic file (type png)

<use ./img/capnuevoarqueo.png>
Package pdftex.def Info: ./img/capnuevoarqueo.png used on input line 306.
(pdftex.def)             Requested size: 458.11836pt x 223.43808pt.

Overfull \hbox (2.87425pt too wide) in paragraph at lines 306--307
 [][] 
 []

[20 <./img/capnuevoarqueo.png>]
<./img/capestadisticasemp.png, id=276, 1297.84875pt x 686.565pt>
File: ./img/capestadisticasemp.png Graphic file (type png)

<use ./img/capestadisticasemp.png>
Package pdftex.def Info: ./img/capestadisticasemp.png used on input line 318.
(pdftex.def)             Requested size: 454.25388pt x 240.30135pt.
LaTeX Info: Redefining \. on input line 325.
LaTeX Info: Redefining \% on input line 325.
 [21 <./img/capestadisticasemp.png>]
<./img/capmodificarempleado.png, id=282, 1288.815pt x 797.98125pt>
File: ./img/capmodificarempleado.png Graphic file (type png)

<use ./img/capmodificarempleado.png>
Package pdftex.def Info: ./img/capmodificarempleado.png used on input line 330.

(pdftex.def)             Requested size: 451.09201pt x 279.29762pt.
 [22 <./img/capmodificarempleado.png>]
<./img/capregistroemp.png, id=288, 1293.83376pt x 718.685pt>
File: ./img/capregistroemp.png Graphic file (type png)

<use ./img/capregistroemp.png>
Package pdftex.def Info: ./img/capregistroemp.png used on input line 342.
(pdftex.def)             Requested size: 452.8486pt x 251.54352pt.
LaTeX Info: Redefining \. on input line 349.
LaTeX Info: Redefining \% on input line 349.
 [23 <./img/capregistroemp.png>]
<./img/caplistarempleados.png, id=294, 1293.83376pt x 555.07375pt>
File: ./img/caplistarempleados.png Graphic file (type png)

<use ./img/caplistarempleados.png>
Package pdftex.def Info: ./img/caplistarempleados.png used on input line 354.
(pdftex.def)             Requested size: 452.8486pt x 194.27872pt.

<./img/capconexiones.png, id=295, 1291.82625pt x 578.16pt>
File: ./img/capconexiones.png Graphic file (type png)

<use ./img/capconexiones.png>
Package pdftex.def Info: ./img/capconexiones.png used on input line 365.
(pdftex.def)             Requested size: 452.14597pt x 202.35902pt.
 [24 <./img/caplistarempleados.png> <./img/capconexiones.png>] <./img/capcambio
s.png, id=302, 1290.8225pt x 750.805pt>
File: ./img/capcambios.png Graphic file (type png)

<use ./img/capcambios.png>
Package pdftex.def Info: ./img/capcambios.png used on input line 377.
(pdftex.def)             Requested size: 451.79465pt x 262.78568pt.
LaTeX Info: Redefining \. on input line 384.
LaTeX Info: Redefining \% on input line 384.
 [25 <./img/capcambios.png>]
<./img/capcalendarioarqueos.png, id=310, 1309.89375pt x 777.90625pt>
File: ./img/capcalendarioarqueos.png Graphic file (type png)

<use ./img/capcalendarioarqueos.png>
Package pdftex.def Info: ./img/capcalendarioarqueos.png used on input line 389.

(pdftex.def)             Requested size: 458.4697pt x 272.27126pt.

Overfull \hbox (3.22559pt too wide) in paragraph at lines 389--390
 [][] 
 []

[26 <./img/capcalendarioarqueos.png>]
<./img/capfestivos.png, id=316, 1290.8225pt x 727.71875pt>
File: ./img/capfestivos.png Graphic file (type png)

<use ./img/capfestivos.png>
Package pdftex.def Info: ./img/capfestivos.png used on input line 402.
(pdftex.def)             Requested size: 451.79465pt x 254.70537pt.
LaTeX Info: Redefining \. on input line 409.
LaTeX Info: Redefining \% on input line 409.
 [27 <./img/capfestivos.png>]
<./img/cappermisos.png, id=322, 1293.83376pt x 864.22874pt>
File: ./img/cappermisos.png Graphic file (type png)

<use ./img/cappermisos.png>
Package pdftex.def Info: ./img/cappermisos.png used on input line 414.
(pdftex.def)             Requested size: 452.8486pt x 302.48459pt.
 [28 <./img/cappermisos.png>]
<./img/capestadisticas.png, id=328, 1310.8975pt x 686.565pt>
File: ./img/capestadisticas.png Graphic file (type png)

<use ./img/capestadisticas.png>
Package pdftex.def Info: ./img/capestadisticas.png used on input line 430.
(pdftex.def)             Requested size: 458.821pt x 240.30135pt.

Overfull \hbox (3.57689pt too wide) in paragraph at lines 430--431
 [][] 
 []

<./img/capestadisticas1.png, id=329, 1313.90875pt x 689.57625pt>
File: ./img/capestadisticas1.png Graphic file (type png)

<use ./img/capestadisticas1.png>
Package pdftex.def Info: ./img/capestadisticas1.png used on input line 437.
(pdftex.def)             Requested size: 459.87495pt x 241.3553pt.

Overfull \hbox (4.63084pt too wide) in paragraph at lines 437--438
 [][] 
 []

LaTeX Info: Redefining \. on input line 442.
LaTeX Info: Redefining \% on input line 442.
[29 <./img/capestadisticas.png> <./img/capestadisticas1.png>]
<./img/capestadisticas2.png, id=336, 1307.88625pt x 686.565pt>
File: ./img/capestadisticas2.png Graphic file (type png)

<use ./img/capestadisticas2.png>
Package pdftex.def Info: ./img/capestadisticas2.png used on input line 445.
(pdftex.def)             Requested size: 457.76704pt x 240.30135pt.

Overfull \hbox (2.52293pt too wide) in paragraph at lines 445--446
 [][] 
 []

<./img/capestadisticas3.png, id=337, 1310.8975pt x 684.5575pt>
File: ./img/capestadisticas3.png Graphic file (type png)

<use ./img/capestadisticas3.png>
Package pdftex.def Info: ./img/capestadisticas3.png used on input line 452.
(pdftex.def)             Requested size: 458.821pt x 239.59871pt.

Overfull \hbox (3.57689pt too wide) in paragraph at lines 452--453
 [][] 
 []

Package atveryend Info: Empty hook `BeforeClearDocument' on input line 458.
[30 <./img/capestadisticas2.png> <./img/capestadisticas3.png>]
Package atveryend Info: Empty hook `AfterLastShipout' on input line 458.
 (./manualesp.aux
LaTeX Info: Redefining \. on input line 21.
LaTeX Info: Redefining \% on input line 21.
)
Package atveryend Info: Executing hook `AtVeryEndDocument' on input line 458.
Package atveryend Info: Executing hook `AtEndAfterFileList' on input line 458.
Package rerunfilecheck Info: File `manualesp.out' has not changed.
(rerunfilecheck)             Checksum: C8F4F9EE6FDB53E066C19177AD0C8177;2515.


LaTeX Warning: There were multiply-defined labels.

Package atveryend Info: Empty hook `AtVeryVeryEnd' on input line 458.
 ) 
Here is how much of TeX's memory you used:
 16746 strings out of 493488
 286706 string characters out of 3141326
 362886 words of memory out of 3000000
 19602 multiletter control sequences out of 15000+200000
 8618 words of font info for 21 fonts, out of 3000000 for 9000
 957 hyphenation exceptions out of 8191
 63i,7n,57p,1091b,355s stack positions out of 5000i,500n,10000p,200000b,50000s
{/usr/local/texlive/2012/texmf-dist/fonts/enc/dvips/cm-super/cm-super-t1.enc}
</usr/local/texlive/2012/texmf-dist/fonts/type1/public/cm-super/sfbx1200.pfb></
usr/local/texlive/2012/texmf-dist/fonts/type1/public/cm-super/sfbx1440.pfb></us
r/local/texlive/2012/texmf-dist/fonts/type1/public/cm-super/sfrm1095.pfb></usr/
local/texlive/2012/texmf-dist/fonts/type1/public/cm-super/sfsl1095.pfb>
Output written on manualesp.pdf (30 pages, 3858995 bytes).
PDF statistics:
 384 PDF objects out of 1000 (max. 8388607)
 305 compressed objects within 4 object streams
 102 named destinations out of 1000 (max. 500000)
 464 words of extra memory for PDF output out of 10000 (max. 10000000)

