\BOOKMARK [1][-]{section.0.1}{Utilizaci\363n}{}% 1
\BOOKMARK [2][-]{subsection.0.1.1}{Pantalla de logueo}{section.0.1}% 2
\BOOKMARK [2][-]{subsection.0.1.2}{Pantalla de contrase\361a olvidada}{section.0.1}% 3
\BOOKMARK [2][-]{subsection.0.1.3}{Pantalla principal}{section.0.1}% 4
\BOOKMARK [2][-]{subsection.0.1.4}{Pantalla registro cliente}{section.0.1}% 5
\BOOKMARK [2][-]{subsection.0.1.5}{Pantalla listar clientes}{section.0.1}% 6
\BOOKMARK [2][-]{subsection.0.1.6}{Pantalla modificar cliente}{section.0.1}% 7
\BOOKMARK [2][-]{subsection.0.1.7}{Pantalla mover productos}{section.0.1}% 8
\BOOKMARK [2][-]{subsection.0.1.8}{Pantalla registrar producto}{section.0.1}% 9
\BOOKMARK [2][-]{subsection.0.1.9}{Pantalla modificar producto}{section.0.1}% 10
\BOOKMARK [2][-]{subsection.0.1.10}{Pantalla listar productos}{section.0.1}% 11
\BOOKMARK [2][-]{subsection.0.1.11}{Pantalla listar familias}{section.0.1}% 12
\BOOKMARK [2][-]{subsection.0.1.12}{Pantalla nueva venta}{section.0.1}% 13
\BOOKMARK [2][-]{subsection.0.1.13}{Pantalla listar ventas}{section.0.1}% 14
\BOOKMARK [2][-]{subsection.0.1.14}{Pantalla nueva devoluci\363n}{section.0.1}% 15
\BOOKMARK [2][-]{subsection.0.1.15}{Pantalla listar reservas}{section.0.1}% 16
\BOOKMARK [2][-]{subsection.0.1.16}{Pantalla listar operaciones}{section.0.1}% 17
\BOOKMARK [2][-]{subsection.0.1.17}{Pantalla nuevo pedido}{section.0.1}% 18
\BOOKMARK [2][-]{subsection.0.1.18}{Pantalla listar pedidos}{section.0.1}% 19
\BOOKMARK [2][-]{subsection.0.1.19}{Pantalla citas}{section.0.1}% 20
\BOOKMARK [2][-]{subsection.0.1.20}{Pantalla registrar informe}{section.0.1}% 21
\BOOKMARK [2][-]{subsection.0.1.21}{Pantalla registrar arqueo}{section.0.1}% 22
\BOOKMARK [2][-]{subsection.0.1.22}{Pantalla estad\355sticas usuario}{section.0.1}% 23
\BOOKMARK [2][-]{subsection.0.1.23}{Pantalla modificar usuario}{section.0.1}% 24
\BOOKMARK [2][-]{subsection.0.1.24}{Pantalla registrar empleado/m\351dico}{section.0.1}% 25
\BOOKMARK [2][-]{subsection.0.1.25}{Pantalla listar empleados}{section.0.1}% 26
\BOOKMARK [2][-]{subsection.0.1.26}{Pantalla listar conexiones}{section.0.1}% 27
\BOOKMARK [2][-]{subsection.0.1.27}{Pantalla listar cambios}{section.0.1}% 28
\BOOKMARK [2][-]{subsection.0.1.28}{Pantalla calendario arqueos}{section.0.1}% 29
\BOOKMARK [2][-]{subsection.0.1.29}{Pantalla gestionar festivos}{section.0.1}% 30
\BOOKMARK [2][-]{subsection.0.1.30}{Pantalla gestionar permisos}{section.0.1}% 31
\BOOKMARK [2][-]{subsection.0.1.31}{Pantalla estad\355sticas}{section.0.1}% 32
