\BOOKMARK [0][-]{chapter.1}{Introducci\363n}{}% 1
\BOOKMARK [1][-]{section.1.1}{Motivaci\363n}{chapter.1}% 2
\BOOKMARK [1][-]{section.1.2}{Descripci\363n del sistema actual}{chapter.1}% 3
\BOOKMARK [1][-]{section.1.3}{Objetivos y alcance del proyecto}{chapter.1}% 4
\BOOKMARK [1][-]{section.1.4}{Organizaci\363n del documento}{chapter.1}% 5
\BOOKMARK [0][-]{chapter.2}{Planificaci\363n}{}% 6
\BOOKMARK [1][-]{section.2.1}{Metodolog\355a de desarrollo}{chapter.2}% 7
\BOOKMARK [1][-]{section.2.2}{Planificaci\363n del proyecto}{chapter.2}% 8
\BOOKMARK [2][-]{subsection.2.2.1}{Iteraciones}{section.2.2}% 9
\BOOKMARK [1][-]{section.2.3}{Organizaci\363n}{chapter.2}% 10
\BOOKMARK [1][-]{section.2.4}{Costes}{chapter.2}% 11
\BOOKMARK [1][-]{section.2.5}{Gesti\363n de riesgos}{chapter.2}% 12
\BOOKMARK [0][-]{chapter.3}{An\341lisis de Requisitos}{}% 13
\BOOKMARK [1][-]{section.3.1}{Cat\341logo de actores}{chapter.3}% 14
\BOOKMARK [1][-]{section.3.2}{Requisitos funcionales}{chapter.3}% 15
\BOOKMARK [2][-]{subsection.3.2.1}{Requisito funcional: Gesti\363n clientes}{section.3.2}% 16
\BOOKMARK [2][-]{subsection.3.2.2}{Requisito funcional: Gesti\363n productos}{section.3.2}% 17
\BOOKMARK [2][-]{subsection.3.2.3}{Requisito funcional: Gesti\363n proveedores}{section.3.2}% 18
\BOOKMARK [2][-]{subsection.3.2.4}{Requisito funcional: Gesti\363n usuarios}{section.3.2}% 19
\BOOKMARK [2][-]{subsection.3.2.5}{Requisito funcional: Gesti\363n ventas}{section.3.2}% 20
\BOOKMARK [2][-]{subsection.3.2.6}{Requisito funcional: Gesti\363n devoluciones}{section.3.2}% 21
\BOOKMARK [2][-]{subsection.3.2.7}{Requisito funcional: Gesti\363n reservas}{section.3.2}% 22
\BOOKMARK [2][-]{subsection.3.2.8}{Requisito funcional: Gesti\363n apartados}{section.3.2}% 23
\BOOKMARK [2][-]{subsection.3.2.9}{Requisito funcional: Gesti\363n citas e informes}{section.3.2}% 24
\BOOKMARK [2][-]{subsection.3.2.10}{Requisito funcional: Gesti\363n festivos}{section.3.2}% 25
\BOOKMARK [2][-]{subsection.3.2.11}{Requisito funcional: Gesti\363n de entradas y salidas del sistema}{section.3.2}% 26
\BOOKMARK [2][-]{subsection.3.2.12}{Requisito funcional: Estad\355sticas}{section.3.2}% 27
\BOOKMARK [2][-]{subsection.3.2.13}{Requisito funcional: Gesti\363n de pedidos}{section.3.2}% 28
\BOOKMARK [2][-]{subsection.3.2.14}{Requisito funcional: Gesti\363n de arqueos}{section.3.2}% 29
\BOOKMARK [2][-]{subsection.3.2.15}{Requisito funcional: Gesti\363n de permisos}{section.3.2}% 30
\BOOKMARK [1][-]{section.3.3}{Requisitos de informaci\363n}{chapter.3}% 31
\BOOKMARK [2][-]{subsection.3.3.1}{Modelo conceptual de datos}{section.3.3}% 32
\BOOKMARK [1][-]{section.3.4}{Modelo comportamiento del sistema}{chapter.3}% 33
\BOOKMARK [2][-]{subsection.3.4.1}{Diagramas de secuencia de sistemas}{section.3.4}% 34
\BOOKMARK [2][-]{subsection.3.4.2}{Contratos de las operaciones}{section.3.4}% 35
\BOOKMARK [1][-]{section.3.5}{Requisitos no funcionales}{chapter.3}% 36
\BOOKMARK [1][-]{section.3.6}{Reglas de negocio}{chapter.3}% 37
\BOOKMARK [1][-]{section.3.7}{Estudio de alternativas tecnol\363gicas}{chapter.3}% 38
\BOOKMARK [0][-]{chapter.4}{Dise\361o del Sistema}{}% 39
\BOOKMARK [1][-]{section.4.1}{Dise\361o de la arquitectura}{chapter.4}% 40
\BOOKMARK [2][-]{subsection.4.1.1}{Arquitectura f\355sica}{section.4.1}% 41
\BOOKMARK [2][-]{subsection.4.1.2}{Arquitectura l\363gica}{section.4.1}% 42
\BOOKMARK [1][-]{section.4.2}{Dise\361o de la interfaz de usuario}{chapter.4}% 43
\BOOKMARK [1][-]{section.4.3}{Dise\361o de datos}{chapter.4}% 44
\BOOKMARK [2][-]{subsection.4.3.1}{Normalizaci\363n del modelo}{section.4.3}% 45
\BOOKMARK [1][-]{section.4.4}{Dise\361o de componentes}{chapter.4}% 46
\BOOKMARK [2][-]{subsection.4.4.1}{Diagrama de clases de dise\361o}{section.4.4}% 47
\BOOKMARK [2][-]{subsection.4.4.2}{Diagramas de interacci\363n}{section.4.4}% 48
\BOOKMARK [0][-]{chapter.5}{Implementaci\363n del Sistema}{}% 49
\BOOKMARK [1][-]{section.5.1}{Entorno tecnol\363gico}{chapter.5}% 50
\BOOKMARK [1][-]{section.5.2}{C\363digo fuente}{chapter.5}% 51
\BOOKMARK [0][-]{chapter.6}{Pruebas del Sistema}{}% 52
\BOOKMARK [1][-]{section.6.1}{Pruebas unitarias}{chapter.6}% 53
\BOOKMARK [1][-]{section.6.2}{Pruebas de integraci\363n}{chapter.6}% 54
\BOOKMARK [1][-]{section.6.3}{Pruebas de sistema}{chapter.6}% 55
\BOOKMARK [2][-]{subsection.6.3.1}{Pruebas funcionales}{section.6.3}% 56
\BOOKMARK [2][-]{subsection.6.3.2}{Pruebas no funcionales}{section.6.3}% 57
\BOOKMARK [1][-]{section.6.4}{Pruebas de aceptaci\363n}{chapter.6}% 58
\BOOKMARK [0][-]{chapter.7}{Manual de usuario}{}% 59
\BOOKMARK [1][-]{section.7.1}{Introducci\363n}{chapter.7}% 60
\BOOKMARK [1][-]{section.7.2}{Utilizaci\363n}{chapter.7}% 61
\BOOKMARK [2][-]{subsection.7.2.1}{Pantalla de logueo}{section.7.2}% 62
\BOOKMARK [2][-]{subsection.7.2.2}{Pantalla de contrase\361a olvidada}{section.7.2}% 63
\BOOKMARK [2][-]{subsection.7.2.3}{Pantalla principal}{section.7.2}% 64
\BOOKMARK [2][-]{subsection.7.2.4}{Pantalla registro cliente}{section.7.2}% 65
\BOOKMARK [2][-]{subsection.7.2.5}{Pantalla listar clientes}{section.7.2}% 66
\BOOKMARK [2][-]{subsection.7.2.6}{Pantalla modificar cliente}{section.7.2}% 67
\BOOKMARK [2][-]{subsection.7.2.7}{Pantalla mover productos}{section.7.2}% 68
\BOOKMARK [2][-]{subsection.7.2.8}{Pantalla registrar producto}{section.7.2}% 69
\BOOKMARK [2][-]{subsection.7.2.9}{Pantalla modificar producto}{section.7.2}% 70
\BOOKMARK [2][-]{subsection.7.2.10}{Pantalla listar productos}{section.7.2}% 71
\BOOKMARK [2][-]{subsection.7.2.11}{Pantalla listar familias}{section.7.2}% 72
\BOOKMARK [2][-]{subsection.7.2.12}{Pantalla nueva venta}{section.7.2}% 73
\BOOKMARK [2][-]{subsection.7.2.13}{Pantalla listar ventas}{section.7.2}% 74
\BOOKMARK [2][-]{subsection.7.2.14}{Pantalla nueva devoluci\363n}{section.7.2}% 75
\BOOKMARK [2][-]{subsection.7.2.15}{Pantalla listar reservas}{section.7.2}% 76
\BOOKMARK [2][-]{subsection.7.2.16}{Pantalla listar operaciones}{section.7.2}% 77
\BOOKMARK [2][-]{subsection.7.2.17}{Pantalla nuevo pedido}{section.7.2}% 78
\BOOKMARK [2][-]{subsection.7.2.18}{Pantalla listar pedidos}{section.7.2}% 79
\BOOKMARK [2][-]{subsection.7.2.19}{Pantalla citas}{section.7.2}% 80
\BOOKMARK [2][-]{subsection.7.2.20}{Pantalla registrar informe}{section.7.2}% 81
\BOOKMARK [2][-]{subsection.7.2.21}{Pantalla registrar arqueo}{section.7.2}% 82
\BOOKMARK [2][-]{subsection.7.2.22}{Pantalla estad\355sticas usuario}{section.7.2}% 83
\BOOKMARK [2][-]{subsection.7.2.23}{Pantalla modificar usuario}{section.7.2}% 84
\BOOKMARK [2][-]{subsection.7.2.24}{Pantalla registrar empleado/m\351dico}{section.7.2}% 85
\BOOKMARK [2][-]{subsection.7.2.25}{Pantalla listar empleados}{section.7.2}% 86
\BOOKMARK [2][-]{subsection.7.2.26}{Pantalla listar conexiones}{section.7.2}% 87
\BOOKMARK [2][-]{subsection.7.2.27}{Pantalla listar cambios}{section.7.2}% 88
\BOOKMARK [2][-]{subsection.7.2.28}{Pantalla calendario arqueos}{section.7.2}% 89
\BOOKMARK [2][-]{subsection.7.2.29}{Pantalla gestionar festivos}{section.7.2}% 90
\BOOKMARK [2][-]{subsection.7.2.30}{Pantalla gestionar permisos}{section.7.2}% 91
\BOOKMARK [2][-]{subsection.7.2.31}{Pantalla estad\355sticas}{section.7.2}% 92
\BOOKMARK [0][-]{chapter.8}{Manual de instalaci\363n y explotaci\363n}{}% 93
\BOOKMARK [1][-]{section.8.1}{Introducci\363n}{chapter.8}% 94
\BOOKMARK [1][-]{section.8.2}{Requisitos previos}{chapter.8}% 95
\BOOKMARK [1][-]{section.8.3}{Procedimientos de instalaci\363n}{chapter.8}% 96
\BOOKMARK [2][-]{subsection.8.3.1}{Sin conexi\363n SSH}{section.8.3}% 97
\BOOKMARK [2][-]{subsection.8.3.2}{Con conexion SSH}{section.8.3}% 98
\BOOKMARK [1][-]{section.8.4}{Procedimientos de operaci\363n y nivel de servicio}{chapter.8}% 99
\BOOKMARK [0][-]{chapter.9}{Conclusiones}{}% 100
\BOOKMARK [1][-]{section.9.1}{Objetivos}{chapter.9}% 101
\BOOKMARK [1][-]{section.9.2}{Lecciones aprendidas}{chapter.9}% 102
\BOOKMARK [1][-]{section.9.3}{Trabajo futuro}{chapter.9}% 103
\BOOKMARK [0][-]{chapter*.24}{Definiciones, acr\363nimos y abreviaturas}{}% 104
\BOOKMARK [0][-]{section*.26}{GNU Free Documentation License}{}% 105
\BOOKMARK [1][-]{section*.27}{1. APPLICABILITY AND DEFINITIONS}{section*.26}% 106
\BOOKMARK [1][-]{section*.28}{2. VERBATIM COPYING}{section*.26}% 107
\BOOKMARK [1][-]{section*.29}{3. COPYING IN QUANTITY}{section*.26}% 108
\BOOKMARK [1][-]{section*.30}{4. MODIFICATIONS}{section*.26}% 109
\BOOKMARK [1][-]{section*.31}{5. COMBINING DOCUMENTS}{section*.26}% 110
\BOOKMARK [1][-]{section*.32}{6. COLLECTIONS OF DOCUMENTS}{section*.26}% 111
\BOOKMARK [1][-]{section*.33}{7. AGGREGATION WITH INDEPENDENT WORKS}{section*.26}% 112
\BOOKMARK [1][-]{section*.34}{8. TRANSLATION}{section*.26}% 113
\BOOKMARK [1][-]{section*.35}{9. TERMINATION}{section*.26}% 114
\BOOKMARK [1][-]{section*.36}{10. FUTURE REVISIONS OF THIS LICENSE}{section*.26}% 115
\BOOKMARK [1][-]{section*.37}{11. RELICENSING}{section*.26}% 116
\BOOKMARK [1][-]{section*.38}{ADDENDUM: How to use this License for your documents}{section*.26}% 117
